<?xml version="1.0" encoding="UTF-8"?>
<testsuite name="project_test.AppTest" tests="1" skipped="0" failures="0" errors="0" timestamp="2020-10-12T13:33:01" hostname="Trungs-Air" time="0.025">
  <properties/>
  <testcase name="appHasAGreeting()" classname="project_test.AppTest" time="0.025"/>
  <system-out><![CDATA[]]></system-out>
  <system-err><![CDATA[]]></system-err>
</testsuite>
